<?xml version="1.0" encoding="UTF-8"?>
<!-- Generated by org.testng.reporters.JUnitReportReporter -->
<testsuite hostname="Kanwar07" failures="0" tests="3" name="runner.TestRunner" time="43.333" errors="0" timestamp="2022-08-22T15:15:50 IST" skipped="0">
  <testcase classname="runner.TestRunner" name="runScenario" time="17.826"/>
  <system-out/>
  <testcase classname="runner.TestRunner" name="runScenario" time="9.754"/>
  <system-out/>
  <testcase classname="runner.TestRunner" name="runScenario" time="15.753"/>
  <system-out/>
</testsuite> <!-- runner.TestRunner -->
