<?xml version="1.0" encoding="UTF-8"?>
<!-- Generated by org.testng.reporters.JUnitReportReporter -->
<testsuite hostname="Kanwar07" failures="0" tests="1" name="runner.TestRunner" time="10.501" errors="0" timestamp="2022-08-19T16:47:22 IST" skipped="0">
  <testcase classname="runner.TestRunner" name="runScenario" time="10.501"/>
  <system-out/>
</testsuite> <!-- runner.TestRunner -->
