<?xml version="1.0" encoding="UTF-8"?>
<!-- Generated by org.testng.reporters.JUnitReportReporter -->
<testsuite hostname="Kanwar07" failures="0" tests="1" name="runner.TestRunner" time="11.470" errors="0" timestamp="2022-08-19T14:51:56 IST" skipped="0">
  <testcase classname="runner.TestRunner" name="runScenario" time="11.470"/>
  <system-out/>
</testsuite> <!-- runner.TestRunner -->
